Karan
crazy8tiger
Tester
Aditya
Kavita
Vinaya
ycashell2
swkamal@ucla.edu
Dogster3
nelliejan
Noah
clarisleung
sunnielee0134
Ngindorf
anniecheng223
GabrielPlata
MMM
Cvalburg
johnmitchell
Ktvaught
coryrenee52
susienut
sagarfit
ylevin
samhoff
applepiefish
anthony.giacomelli
Annienellyy
dcpede
kris10pojunis
Mrosa
bs
thisisnotworking
castiel
ianyidu
matthewreiser
solaceinfantasy2016
nina
Kathyf94
jandersen
cpiedrahita
Crezentes24
Madzillaaaa
Caligal2017
clarebear
lairbear
Boo
smendoza
grover18
thalianguyen27
ksaraf
Taustel
jenniferjudah
alliecat4627
Kuzuryusen3
eelaineeee
jellybelly
Rtelemi
juliadphan
cmalexandres@gmail.com
perfectchaos
atnavz
Nathan22494
b4u82much
neziaa
poisonivious
Fluffin
surferbabe
Mstew354
Jpen
max
AdminAllie
hunter
cibrahim93
damstel
kellytrann
JustSomeGuy
beccayang31
haoanwang
vatsalgupta
lyocke
carleysmiddy
apiwkiewicz
halleyanne
User Data Reset
